z:\mi01\tp_image\debug\appli.obj
z:\mi01\tp_image\debug\vc110.pdb
z:\mi01\tp_image\debug\tp_image.ilk
z:\mi01\tp_image\debug\tp_image.exe
z:\mi01\tp_image\debug\tp_image.pdb
z:\mi01\tp_image\debug\appli.res
z:\mi01\tp_image\debug\image.obj
z:\mi01\tp_image\debug\image_simd.obj
d:\geo-pc\documents\megasync\documents\save\tp_image\debug\vc141.pdb
d:\geo-pc\documents\megasync\documents\save\tp_image\debug\vc141.idb
d:\geo-pc\documents\megasync\documents\save\tp_image\debug\appli.obj
d:\geo-pc\documents\megasync\documents\save\tp_image\debug\tp_image.ilk
d:\geo-pc\documents\megasync\documents\save\tp_image\debug\tp_image.exe
d:\geo-pc\documents\megasync\documents\save\tp_image\debug\tp_image.pdb
d:\geo-pc\documents\megasync\documents\save\tp_image\debug\appli.res
d:\geo-pc\documents\megasync\documents\save\tp_image\debug\image.obj
d:\geo-pc\documents\megasync\documents\save\tp_image\debug\image_simd.obj
d:\geo-pc\documents\megasync\documents\save\tp_image\debug\lnk{2249c486-0aa7-46b2-9275-23416cb424d8}.tmp
d:\geo-pc\documents\megasync\documents\save\tp_image\debug\cl.command.1.tlog
d:\geo-pc\documents\megasync\documents\save\tp_image\debug\cl.read.1.tlog
d:\geo-pc\documents\megasync\documents\save\tp_image\debug\cl.write.1.tlog
d:\geo-pc\documents\megasync\documents\save\tp_image\debug\link-cvtres.read.1.tlog
d:\geo-pc\documents\megasync\documents\save\tp_image\debug\link-cvtres.write.1.tlog
d:\geo-pc\documents\megasync\documents\save\tp_image\debug\link-rc.read.1.tlog
d:\geo-pc\documents\megasync\documents\save\tp_image\debug\link-rc.write.1.tlog
d:\geo-pc\documents\megasync\documents\save\tp_image\debug\link.command.1.tlog
d:\geo-pc\documents\megasync\documents\save\tp_image\debug\link.read.1.tlog
d:\geo-pc\documents\megasync\documents\save\tp_image\debug\link.write.1.tlog
d:\geo-pc\documents\megasync\documents\save\tp_image\debug\rc.command.1.tlog
d:\geo-pc\documents\megasync\documents\save\tp_image\debug\rc.read.1.tlog
d:\geo-pc\documents\megasync\documents\save\tp_image\debug\rc.write.1.tlog
d:\geo-pc\documents\megasync\documents\save\tp_image\debug\tp_image.write.1.tlog
d:\geo-pc\documents\megasync\documents\save\tp_image\debug\vc110.idb
d:\geo-pc\documents\megasync\documents\save\tp_image\debug\vc110.pdb
d:\geo-pc\documents\megasync\documents\save\tp_image\debug\tp_image.tlog\cl.command.1.tlog
d:\geo-pc\documents\megasync\documents\save\tp_image\debug\tp_image.tlog\cl.read.1.tlog
d:\geo-pc\documents\megasync\documents\save\tp_image\debug\tp_image.tlog\cl.write.1.tlog
d:\geo-pc\documents\megasync\documents\save\tp_image\debug\tp_image.tlog\link-cvtres.read.1.tlog
d:\geo-pc\documents\megasync\documents\save\tp_image\debug\tp_image.tlog\link-cvtres.write.1.tlog
d:\geo-pc\documents\megasync\documents\save\tp_image\debug\tp_image.tlog\link-rc.read.1.tlog
d:\geo-pc\documents\megasync\documents\save\tp_image\debug\tp_image.tlog\link-rc.write.1.tlog
d:\geo-pc\documents\megasync\documents\save\tp_image\debug\tp_image.tlog\link.9764-cvtres.read.1.tlog
d:\geo-pc\documents\megasync\documents\save\tp_image\debug\tp_image.tlog\link.9764-cvtres.write.1.tlog
d:\geo-pc\documents\megasync\documents\save\tp_image\debug\tp_image.tlog\link.9764-rc.read.1.tlog
d:\geo-pc\documents\megasync\documents\save\tp_image\debug\tp_image.tlog\link.9764-rc.write.1.tlog
d:\geo-pc\documents\megasync\documents\save\tp_image\debug\tp_image.tlog\link.9764.read.1.tlog
d:\geo-pc\documents\megasync\documents\save\tp_image\debug\tp_image.tlog\link.9764.write.1.tlog
d:\geo-pc\documents\megasync\documents\save\tp_image\debug\tp_image.tlog\link.command.1.tlog
d:\geo-pc\documents\megasync\documents\save\tp_image\debug\tp_image.tlog\link.delete.1.tlog
d:\geo-pc\documents\megasync\documents\save\tp_image\debug\tp_image.tlog\link.read.1.tlog
d:\geo-pc\documents\megasync\documents\save\tp_image\debug\tp_image.tlog\link.write.1.tlog
d:\geo-pc\documents\megasync\documents\save\tp_image\debug\tp_image.tlog\rc.command.1.tlog
d:\geo-pc\documents\megasync\documents\save\tp_image\debug\tp_image.tlog\rc.read.1.tlog
d:\geo-pc\documents\megasync\documents\save\tp_image\debug\tp_image.tlog\rc.write.1.tlog
d:\geo-pc\documents\megasync\documents\save\tp_image\debug\tp_image.tlog\tp_image.write.1u.tlog
